0 info it worked if it ends with ok
1 verbose cli [ '/usr/bin/nodejs', '/usr/bin/npm', 'start' ]
2 info using npm@3.10.10
3 info using node@v6.11.2
4 verbose run-script [ 'prestart', 'start', 'poststart' ]
5 info lifecycle Zadanie_16_4@1.0.0~prestart: Zadanie_16_4@1.0.0
6 silly lifecycle Zadanie_16_4@1.0.0~prestart: no script for prestart, continuing
7 info lifecycle Zadanie_16_4@1.0.0~start: Zadanie_16_4@1.0.0
8 verbose lifecycle Zadanie_16_4@1.0.0~start: unsafe-perm in lifecycle true
9 verbose lifecycle Zadanie_16_4@1.0.0~start: PATH: /usr/lib/node_modules/npm/bin/node-gyp-bin:/home/oses32/Module_16/Zadanie_16_4/node_modules/.bin:/home/oses32/bin:/home/oses32/.local/bin:/usr/local/sbin:/usr/local/bin:/usr/sbin:/usr/bin:/sbin:/bin:/usr/games:/usr/local/games:/snap/bin
10 verbose lifecycle Zadanie_16_4@1.0.0~start: CWD: /home/oses32/Module_16/Zadanie_16_4
11 silly lifecycle Zadanie_16_4@1.0.0~start: Args: [ '-c', 'webpack' ]
12 silly lifecycle Zadanie_16_4@1.0.0~start: Returned: code: 2  signal: null
13 info lifecycle Zadanie_16_4@1.0.0~start: Failed to exec start script
14 verbose stack Error: Zadanie_16_4@1.0.0 start: `webpack`
14 verbose stack Exit status 2
14 verbose stack     at EventEmitter.<anonymous> (/usr/lib/node_modules/npm/lib/utils/lifecycle.js:255:16)
14 verbose stack     at emitTwo (events.js:106:13)
14 verbose stack     at EventEmitter.emit (events.js:191:7)
14 verbose stack     at ChildProcess.<anonymous> (/usr/lib/node_modules/npm/lib/utils/spawn.js:40:14)
14 verbose stack     at emitTwo (events.js:106:13)
14 verbose stack     at ChildProcess.emit (events.js:191:7)
14 verbose stack     at maybeClose (internal/child_process.js:891:16)
14 verbose stack     at Process.ChildProcess._handle.onexit (internal/child_process.js:226:5)
15 verbose pkgid Zadanie_16_4@1.0.0
16 verbose cwd /home/oses32/Module_16/Zadanie_16_4/src
17 error Linux 4.10.0-38-generic
18 error argv "/usr/bin/nodejs" "/usr/bin/npm" "start"
19 error node v6.11.2
20 error npm  v3.10.10
21 error code ELIFECYCLE
22 error Zadanie_16_4@1.0.0 start: `webpack`
22 error Exit status 2
23 error Failed at the Zadanie_16_4@1.0.0 start script 'webpack'.
23 error Make sure you have the latest version of node.js and npm installed.
23 error If you do, this is most likely a problem with the Zadanie_16_4 package,
23 error not with npm itself.
23 error Tell the author that this fails on your system:
23 error     webpack
23 error You can get information on how to open an issue for this project with:
23 error     npm bugs Zadanie_16_4
23 error Or if that isn't available, you can get their info via:
23 error     npm owner ls Zadanie_16_4
23 error There is likely additional logging output above.
24 verbose exit [ 1, true ]
